Determining if the pthread_create exist failed with the following output:
Change Dir: /home/robot/catkin_ws/build/gscam/CMakeFiles/CMakeTmp

Run Build Command:"/usr/bin/make" "cmTC_6144a/fast"
/usr/bin/make -f CMakeFiles/cmTC_6144a.dir/build.make CMakeFiles/cmTC_6144a.dir/build
make[1]: Entering directory '/home/robot/catkin_ws/build/gscam/CMakeFiles/CMakeTmp'
Building C object CMakeFiles/cmTC_6144a.dir/CheckSymbolExists.c.o
/usr/bin/cc    -o CMakeFiles/cmTC_6144a.dir/CheckSymbolExists.c.o   -c /home/robot/catkin_ws/build/gscam/CMakeFiles/CMakeTmp/CheckSymbolExists.c
Linking C executable cmTC_6144a
/usr/bin/cmake -E cmake_link_script CMakeFiles/cmTC_6144a.dir/link.txt --verbose=1
/usr/bin/cc      -rdynamic CMakeFiles/cmTC_6144a.dir/CheckSymbolExists.c.o  -o cmTC_6144a 
CMakeFiles/cmTC_6144a.dir/CheckSymbolExists.c.o: In function `main':
CheckSymbolExists.c:(.text+0x14): undefined reference to `pthread_create'
CheckSymbolExists.c:(.text+0x18): undefined reference to `pthread_create'
collect2: error: ld returned 1 exit status
CMakeFiles/cmTC_6144a.dir/build.make:97: recipe for target 'cmTC_6144a' failed
make[1]: *** [cmTC_6144a] Error 1
make[1]: Leaving directory '/home/robot/catkin_ws/build/gscam/CMakeFiles/CMakeTmp'
Makefile:126: recipe for target 'cmTC_6144a/fast' failed
make: *** [cmTC_6144a/fast] Error 2

File /home/robot/catkin_ws/build/gscam/CMakeFiles/CMakeTmp/CheckSymbolExists.c:
/* */
#include <pthread.h>

int main(int argc, char** argv)
{
  (void)argv;
#ifndef pthread_create
  return ((int*)(&pthread_create))[argc];
#else
  (void)argc;
  return 0;
#endif
}

Determining if the function pthread_create exists in the pthreads failed with the following output:
Change Dir: /home/robot/catkin_ws/build/gscam/CMakeFiles/CMakeTmp

Run Build Command:"/usr/bin/make" "cmTC_fb01e/fast"
/usr/bin/make -f CMakeFiles/cmTC_fb01e.dir/build.make CMakeFiles/cmTC_fb01e.dir/build
make[1]: Entering directory '/home/robot/catkin_ws/build/gscam/CMakeFiles/CMakeTmp'
Building C object CMakeFiles/cmTC_fb01e.dir/CheckFunctionExists.c.o
/usr/bin/cc   -DCHECK_FUNCTION_EXISTS=pthread_create   -o CMakeFiles/cmTC_fb01e.dir/CheckFunctionExists.c.o   -c /usr/share/cmake-3.10/Modules/CheckFunctionExists.c
Linking C executable cmTC_fb01e
/usr/bin/cmake -E cmake_link_script CMakeFiles/cmTC_fb01e.dir/link.txt --verbose=1
/usr/bin/cc  -DCHECK_FUNCTION_EXISTS=pthread_create    -rdynamic CMakeFiles/cmTC_fb01e.dir/CheckFunctionExists.c.o  -o cmTC_fb01e -lpthreads 
/usr/bin/ld: cannot find -lpthreads
collect2: error: ld returned 1 exit status
CMakeFiles/cmTC_fb01e.dir/build.make:97: recipe for target 'cmTC_fb01e' failed
make[1]: *** [cmTC_fb01e] Error 1
make[1]: Leaving directory '/home/robot/catkin_ws/build/gscam/CMakeFiles/CMakeTmp'
Makefile:126: recipe for target 'cmTC_fb01e/fast' failed
make: *** [cmTC_fb01e/fast] Error 2


