Determining if the pthread_create exist failed with the following output:
Change Dir: /home/robot/catkin_ws/build/image_transport_plugins/CMakeFiles/CMakeTmp

Run Build Command:"/usr/bin/make" "cmTC_92569/fast"
/usr/bin/make -f CMakeFiles/cmTC_92569.dir/build.make CMakeFiles/cmTC_92569.dir/build
make[1]: Entering directory '/home/robot/catkin_ws/build/image_transport_plugins/CMakeFiles/CMakeTmp'
Building C object CMakeFiles/cmTC_92569.dir/CheckSymbolExists.c.o
/usr/bin/cc    -o CMakeFiles/cmTC_92569.dir/CheckSymbolExists.c.o   -c /home/robot/catkin_ws/build/image_transport_plugins/CMakeFiles/CMakeTmp/CheckSymbolExists.c
Linking C executable cmTC_92569
/usr/bin/cmake -E cmake_link_script CMakeFiles/cmTC_92569.dir/link.txt --verbose=1
/usr/bin/cc      -rdynamic CMakeFiles/cmTC_92569.dir/CheckSymbolExists.c.o  -o cmTC_92569 
CMakeFiles/cmTC_92569.dir/CheckSymbolExists.c.o: In function `main':
CheckSymbolExists.c:(.text+0x14): undefined reference to `pthread_create'
CheckSymbolExists.c:(.text+0x18): undefined reference to `pthread_create'
collect2: error: ld returned 1 exit status
CMakeFiles/cmTC_92569.dir/build.make:97: recipe for target 'cmTC_92569' failed
make[1]: *** [cmTC_92569] Error 1
make[1]: Leaving directory '/home/robot/catkin_ws/build/image_transport_plugins/CMakeFiles/CMakeTmp'
Makefile:126: recipe for target 'cmTC_92569/fast' failed
make: *** [cmTC_92569/fast] Error 2

File /home/robot/catkin_ws/build/image_transport_plugins/CMakeFiles/CMakeTmp/CheckSymbolExists.c:
/* */
#include <pthread.h>

int main(int argc, char** argv)
{
  (void)argv;
#ifndef pthread_create
  return ((int*)(&pthread_create))[argc];
#else
  (void)argc;
  return 0;
#endif
}

Determining if the function pthread_create exists in the pthreads failed with the following output:
Change Dir: /home/robot/catkin_ws/build/image_transport_plugins/CMakeFiles/CMakeTmp

Run Build Command:"/usr/bin/make" "cmTC_ddb8e/fast"
/usr/bin/make -f CMakeFiles/cmTC_ddb8e.dir/build.make CMakeFiles/cmTC_ddb8e.dir/build
make[1]: Entering directory '/home/robot/catkin_ws/build/image_transport_plugins/CMakeFiles/CMakeTmp'
Building C object CMakeFiles/cmTC_ddb8e.dir/CheckFunctionExists.c.o
/usr/bin/cc   -DCHECK_FUNCTION_EXISTS=pthread_create   -o CMakeFiles/cmTC_ddb8e.dir/CheckFunctionExists.c.o   -c /usr/share/cmake-3.10/Modules/CheckFunctionExists.c
Linking C executable cmTC_ddb8e
/usr/bin/cmake -E cmake_link_script CMakeFiles/cmTC_ddb8e.dir/link.txt --verbose=1
/usr/bin/cc  -DCHECK_FUNCTION_EXISTS=pthread_create    -rdynamic CMakeFiles/cmTC_ddb8e.dir/CheckFunctionExists.c.o  -o cmTC_ddb8e -lpthreads 
/usr/bin/ld: cannot find -lpthreads
collect2: error: ld returned 1 exit status
CMakeFiles/cmTC_ddb8e.dir/build.make:97: recipe for target 'cmTC_ddb8e' failed
make[1]: *** [cmTC_ddb8e] Error 1
make[1]: Leaving directory '/home/robot/catkin_ws/build/image_transport_plugins/CMakeFiles/CMakeTmp'
Makefile:126: recipe for target 'cmTC_ddb8e/fast' failed
make: *** [cmTC_ddb8e/fast] Error 2


