[35m[1mScanning dependencies of target compressed_depth_image_transport_gencfg[0m
[  7%] [34m[1mGenerating dynamic reconfigure files from cfg/CompressedDepthPublisher.cfg: /home/robot/catkin_ws/devel/.private/compressed_depth_image_transport/include/compressed_depth_image_transport/CompressedDepthPublisherConfig.h /home/robot/catkin_ws/devel/.private/compressed_depth_image_transport/lib/python2.7/dist-packages/compressed_depth_image_transport/cfg/CompressedDepthPublisherConfig.py[0m
Generating reconfiguration files for CompressedDepthPublisher in compressed_depth_image_transport
Wrote header file in /home/robot/catkin_ws/devel/.private/compressed_depth_image_transport/include/compressed_depth_image_transport/CompressedDepthPublisherConfig.h
[  7%] Built target compressed_depth_image_transport_gencfg
[35m[1mScanning dependencies of target compressed_depth_image_transport_test[0m
[ 15%] [32mBuilding CXX object CMakeFiles/compressed_depth_image_transport_test.dir/src/compressed_depth_publisher.cpp.o[0m
[ 23%] [32mBuilding CXX object CMakeFiles/compressed_depth_image_transport_test.dir/src/compressed_depth_subscriber.cpp.o[0m
[ 30%] [32mBuilding CXX object CMakeFiles/compressed_depth_image_transport_test.dir/src/manifest.cpp.o[0m
[ 38%] [32mBuilding CXX object CMakeFiles/compressed_depth_image_transport_test.dir/src/codec.cpp.o[0m
[ 46%] [32mBuilding CXX object CMakeFiles/compressed_depth_image_transport_test.dir/src/rvl_codec.cpp.o[0m
[ 53%] [32m[1mLinking CXX shared library /home/robot/catkin_ws/devel/.private/compressed_depth_image_transport/lib/libcompressed_depth_image_transport_test.so[0m
[ 53%] Built target compressed_depth_image_transport_test
[35m[1mScanning dependencies of target compressed_depth_image_transport[0m
[ 61%] [32mBuilding CXX object CMakeFiles/compressed_depth_image_transport.dir/src/compressed_depth_publisher.cpp.o[0m
[ 69%] [32mBuilding CXX object CMakeFiles/compressed_depth_image_transport.dir/src/compressed_depth_subscriber.cpp.o[0m
[ 76%] [32mBuilding CXX object CMakeFiles/compressed_depth_image_transport.dir/src/manifest.cpp.o[0m
[ 84%] [32mBuilding CXX object CMakeFiles/compressed_depth_image_transport.dir/src/codec.cpp.o[0m
[ 92%] [32mBuilding CXX object CMakeFiles/compressed_depth_image_transport.dir/src/rvl_codec.cpp.o[0m
[100%] [32m[1mLinking CXX shared library /home/robot/catkin_ws/devel/.private/compressed_depth_image_transport/lib/libcompressed_depth_image_transport.so[0m
[100%] Built target compressed_depth_image_transport
