[35m[1mScanning dependencies of target std_msgs_generate_messages_cpp[0m
[35m[1mScanning dependencies of target _theora_image_transport_generate_messages_check_deps_Packet[0m
[35m[1mScanning dependencies of target theora_image_transport_gencfg[0m
[  0%] Built target std_msgs_generate_messages_cpp
[  6%] [34m[1mGenerating dynamic reconfigure files from cfg/TheoraPublisher.cfg: /home/robot/catkin_ws/devel/.private/theora_image_transport/include/theora_image_transport/TheoraPublisherConfig.h /home/robot/catkin_ws/devel/.private/theora_image_transport/lib/python2.7/dist-packages/theora_image_transport/cfg/TheoraPublisherConfig.py[0m
[35m[1mScanning dependencies of target std_msgs_generate_messages_lisp[0m
[  6%] Built target std_msgs_generate_messages_lisp
[  6%] Built target _theora_image_transport_generate_messages_check_deps_Packet
[35m[1mScanning dependencies of target std_msgs_generate_messages_py[0m
[35m[1mScanning dependencies of target std_msgs_generate_messages_nodejs[0m
[  6%] Built target std_msgs_generate_messages_py
Generating reconfiguration files for TheoraPublisher in theora_image_transport
Wrote header file in /home/robot/catkin_ws/devel/.private/theora_image_transport/include/theora_image_transport/TheoraPublisherConfig.h
[  6%] Built target std_msgs_generate_messages_nodejs
[35m[1mScanning dependencies of target std_msgs_generate_messages_eus[0m
[ 13%] [34m[1mGenerating dynamic reconfigure files from cfg/TheoraSubscriber.cfg: /home/robot/catkin_ws/devel/.private/theora_image_transport/include/theora_image_transport/TheoraSubscriberConfig.h /home/robot/catkin_ws/devel/.private/theora_image_transport/lib/python2.7/dist-packages/theora_image_transport/cfg/TheoraSubscriberConfig.py[0m
[35m[1mScanning dependencies of target theora_image_transport_generate_messages_cpp[0m
[ 13%] Built target std_msgs_generate_messages_eus
[ 20%] [34m[1mGenerating C++ code from theora_image_transport/Packet.msg[0m
[35m[1mScanning dependencies of target theora_image_transport_generate_messages_lisp[0m
[ 26%] [34m[1mGenerating Lisp code from theora_image_transport/Packet.msg[0m
Generating reconfiguration files for TheoraSubscriber in theora_image_transport
Wrote header file in /home/robot/catkin_ws/devel/.private/theora_image_transport/include/theora_image_transport/TheoraSubscriberConfig.h
[ 26%] Built target theora_image_transport_generate_messages_lisp
[35m[1mScanning dependencies of target theora_image_transport_generate_messages_py[0m
[ 26%] Built target theora_image_transport_gencfg
[ 33%] [34m[1mGenerating Python from MSG theora_image_transport/Packet[0m
[35m[1mScanning dependencies of target theora_image_transport_generate_messages_nodejs[0m
[ 40%] [34m[1mGenerating Javascript code from theora_image_transport/Packet.msg[0m
[ 40%] Built target theora_image_transport_generate_messages_cpp
[35m[1mScanning dependencies of target theora_image_transport_generate_messages_eus[0m
[ 40%] Built target theora_image_transport_generate_messages_nodejs
[ 46%] [34m[1mGenerating EusLisp code from theora_image_transport/Packet.msg[0m
[ 53%] [34m[1mGenerating EusLisp manifest code for theora_image_transport[0m
[35m[1mScanning dependencies of target theora_image_transport_gencpp[0m
[ 53%] Built target theora_image_transport_gencpp
[35m[1mScanning dependencies of target ogg_saver[0m
[ 60%] [34m[1mGenerating Python msg __init__.py for theora_image_transport[0m
[ 66%] [32mBuilding CXX object CMakeFiles/ogg_saver.dir/src/ogg_saver.cpp.o[0m
[ 66%] Built target theora_image_transport_generate_messages_py
[35m[1mScanning dependencies of target theora_image_transport[0m
[ 73%] [32mBuilding CXX object CMakeFiles/theora_image_transport.dir/src/theora_publisher.cpp.o[0m
[ 73%] Built target theora_image_transport_generate_messages_eus
[ 80%] [32mBuilding CXX object CMakeFiles/theora_image_transport.dir/src/theora_subscriber.cpp.o[0m
[ 86%] [32m[1mLinking CXX executable /home/robot/catkin_ws/devel/.private/theora_image_transport/lib/theora_image_transport/ogg_saver[0m
[ 86%] Built target ogg_saver
[35m[1mScanning dependencies of target theora_image_transport_generate_messages[0m
[ 86%] Built target theora_image_transport_generate_messages
[ 93%] [32mBuilding CXX object CMakeFiles/theora_image_transport.dir/src/manifest.cpp.o[0m
[100%] [32m[1mLinking CXX shared library /home/robot/catkin_ws/devel/.private/theora_image_transport/lib/libtheora_image_transport.so[0m
[100%] Built target theora_image_transport
