Symlinking /home/robot/catkin_ws/devel/share/roseus/ros/theora_image_transport/manifest.l
Symlinking /home/robot/catkin_ws/devel/share/roseus/ros/theora_image_transport/msg/Packet.l
Symlinking /home/robot/catkin_ws/devel/share/theora_image_transport/docs/TheoraPublisherConfig.dox
Symlinking /home/robot/catkin_ws/devel/share/theora_image_transport/docs/TheoraPublisherConfig.wikidoc
Symlinking /home/robot/catkin_ws/devel/share/theora_image_transport/docs/TheoraPublisherConfig-usage.dox
Symlinking /home/robot/catkin_ws/devel/share/theora_image_transport/docs/TheoraSubscriberConfig.wikidoc
Symlinking /home/robot/catkin_ws/devel/share/theora_image_transport/docs/TheoraSubscriberConfig.dox
Symlinking /home/robot/catkin_ws/devel/share/theora_image_transport/docs/TheoraSubscriberConfig-usage.dox
Symlinking /home/robot/catkin_ws/devel/share/theora_image_transport/cmake/theora_image_transport-msg-paths.cmake
Symlinking /home/robot/catkin_ws/devel/share/theora_image_transport/cmake/theora_image_transport-msg-extras.cmake
Symlinking /home/robot/catkin_ws/devel/share/theora_image_transport/cmake/theora_image_transportConfig.cmake
Symlinking /home/robot/catkin_ws/devel/share/theora_image_transport/cmake/theora_image_transportConfig-version.cmake
Symlinking /home/robot/catkin_ws/devel/share/common-lisp/ros/theora_image_transport/msg/_package.lisp
Symlinking /home/robot/catkin_ws/devel/share/common-lisp/ros/theora_image_transport/msg/theora_image_transport-msg.asd
Symlinking /home/robot/catkin_ws/devel/share/common-lisp/ros/theora_image_transport/msg/Packet.lisp
Symlinking /home/robot/catkin_ws/devel/share/common-lisp/ros/theora_image_transport/msg/_package_Packet.lisp
Symlinking /home/robot/catkin_ws/devel/share/gennodejs/ros/theora_image_transport/_index.js
Symlinking /home/robot/catkin_ws/devel/share/gennodejs/ros/theora_image_transport/msg/_index.js
Symlinking /home/robot/catkin_ws/devel/share/gennodejs/ros/theora_image_transport/msg/Packet.js
Symlinking /home/robot/catkin_ws/devel/lib/libtheora_image_transport.so
Symlinking /home/robot/catkin_ws/devel/lib/pkgconfig/theora_image_transport.pc
Symlinking /home/robot/catkin_ws/devel/lib/theora_image_transport/ogg_saver
Symlinking /home/robot/catkin_ws/devel/lib/python2.7/dist-packages/theora_image_transport/__init__.py
Symlinking /home/robot/catkin_ws/devel/lib/python2.7/dist-packages/theora_image_transport/msg/_Packet.py
Symlinking /home/robot/catkin_ws/devel/lib/python2.7/dist-packages/theora_image_transport/msg/__init__.py
Symlinking /home/robot/catkin_ws/devel/lib/python2.7/dist-packages/theora_image_transport/cfg/TheoraPublisherConfig.py
Symlinking /home/robot/catkin_ws/devel/lib/python2.7/dist-packages/theora_image_transport/cfg/TheoraSubscriberConfig.py
Symlinking /home/robot/catkin_ws/devel/lib/python2.7/dist-packages/theora_image_transport/cfg/__init__.py
Symlinking /home/robot/catkin_ws/devel/include/theora_image_transport/TheoraSubscriberConfig.h
Symlinking /home/robot/catkin_ws/devel/include/theora_image_transport/Packet.h
Symlinking /home/robot/catkin_ws/devel/include/theora_image_transport/TheoraPublisherConfig.h
